Wed Oct 24 14:52:44 EDT 2018
i21a-s3.ufhpc
/ufrc/ypchen/adriandiaz/CACv8/lammpscode/src

Searching for an available X11 port number

X11 port number '3383 has been selected
Starting Xpra on port 3383 within SLURM job '27180229'

TMPDIR: '/scratch/local/27180229'

Command:  xpra start :3383 --exit-with-children --daemon=no --systemd-run=no --dbus-proxy=no --dbus-control=no  --start-child="xterm"
2018-10-24 14:52:45,998 cannot access python uinput module:
2018-10-24 14:52:45,998  No module named uinput

X.Org X Server 1.19.5
Release Date: 2017-10-12
X Protocol Version 11, Revision 0
Build Operating System:  2.6.32-696.18.7.el6.x86_64 
Current Operating System: Linux i21a-s3.ufhpc 3.10.0-862.9.1.el7.x86_64 #1 SMP Wed Jun 27 04:30:39 EDT 2018 x86_64
Kernel command line: BOOT_IMAGE=/vmlinuz-3.10.0-862.9.1.el7.x86_64 root=UUID=d9c99486-4bfb-419a-95c8-461759521486 ro max_loop=32 crashkernel=auto console=ttyS0,115200n8 console=tty0 pcie_aspm=off elevator=deadline rd_NO_DM transparent_hugepage=never
Build Date: 13 February 2018  02:39:52PM
Build ID: xorg-x11-server 1.19.5-5.el7 
Current version of pixman: 0.34.0
	Before reporting problems, check http://wiki.x.org
	to make sure that you have the latest version.
Markers: (--) probed, (**) from config file, (==) default setting,
	(++) from command line, (!!) notice, (II) informational,
	(WW) warning, (EE) error, (NI) not implemented, (??) unknown.
(++) Log file: "/scratch/local/27180229/adriandiaz/xpra/Xorg.:3383.log", Time: Wed Oct 24 14:52:46 2018
(++) Using config file: "/etc/xpra/xorg.conf"
(==) Using system config directory "/usr/share/X11/xorg.conf.d"
2018-10-24 14:52:49,601 created unix domain socket: /run/user/8825/xpra/i21a-s3.ufhpc-3383
2018-10-24 14:52:49,602 created unix domain socket: /home/adriandiaz/.xpra/i21a-s3.ufhpc-3383
2018-10-24 14:52:49,602 cannot create group socket '/run/xpra/i21a-s3.ufhpc-3383'
2018-10-24 14:52:49,603  [Errno 13] Permission denied
2018-10-24 14:52:49,714 pointer device emulation using XTest
2018-10-24 14:52:50,238 serving html content from: /usr/share/xpra/www
2018-10-24 14:52:50,270 D-Bus notification forwarding is available
2018-10-24 14:52:50,339 Warning: webcam forwarding is disabled
2018-10-24 14:52:50,339  the virtual video directory '/sys/devices/virtual/video4linux' was not found
2018-10-24 14:52:50,339  make sure that the 'v4l2loopback' kernel module is installed and loaded
2018-10-24 14:52:50,340 found 0 virtual video devices for webcam forwarding
2018-10-24 14:52:50,345 pulseaudio not started: 'pulseaudio' command not found
2018-10-24 14:52:50,345 Error: failed to query sound subsystem:
2018-10-24 14:52:50,345  No module named sound.common
2018-10-24 14:52:50,405 xpra X11 version 2.3.3-r20112 64-bit
2018-10-24 14:52:50,406  uid=8825 (adriandiaz), gid=8800 (ypchen)
2018-10-24 14:52:50,406  running with pid 22058 on Linux RedHatEnterpriseServer 7.5 Maipo
2018-10-24 14:52:50,406  connected to X11 display :3383 with 24 bit colors
2018-10-24 14:52:50,519 xpra is ready.
2018-10-24 14:52:50,622 printer forwarding enabled using postscript and pdf
2018-10-24 14:52:50,638 started command 'xterm' with pid 22604
2018-10-24 14:52:50,640 125.3GB of system memory
xterm: cannot load font "-Misc-Fixed-bold-R-*-*-13-120-75-75-C-60-ISO8859-1"
slurmstepd: error: *** JOB 27180229 ON i21a-s3 CANCELLED AT 2018-10-25T02:53:13 DUE TO TIME LIMIT ***
