Mon Aug 27 21:50:35 EDT 2018
i21a-s4.ufhpc
/ufrc/ypchen/adriandiaz/CACv3/lammpscode/src

Searching for an available X11 port number

X11 port number '2632 has been selected
Starting Xpra on port 2632 within SLURM job '24650354'

TMPDIR: '/scratch/local/24650354'

Command:  xpra start :2632 --exit-with-children --daemon=no --systemd-run=no --dbus-proxy=no --dbus-control=no  --start-child="xterm"
2018-08-27 21:50:37,114 cannot access python uinput module:
2018-08-27 21:50:37,114  No module named uinput
(EE) 
Fatal server error:
(EE) Could not create server lock file: /tmp/.X2632-lock
(EE) 
(EE) 
Please consult the The X.Org Foundation support 
	 at http://wiki.x.org
 for help. 
(EE) 
2018-08-27 21:50:40,202 Error: failed to connect to display :2632
2018-08-27 21:50:40,202  could not connect to X server on display ':2632' after 3 seconds
2018-08-27 21:50:40,202 killing xvfb with pid 13714
2018-08-27 21:50:40,202 failed to kill xvfb process with pid 13714:
2018-08-27 21:50:40,202  [Errno 3] No such process
Mon Aug 27 21:50:40 EDT 2018
