Wed Aug 29 12:18:39 EDT 2018
i21a-s3.ufhpc
/ufrc/ypchen/adriandiaz/CACv3/lammpscode/src

Searching for an available X11 port number

X11 port number '7127 has been selected
Starting Xpra on port 7127 within SLURM job '24749217'

TMPDIR: '/scratch/local/24749217'

Command:  xpra start :7127 --exit-with-children --daemon=no --systemd-run=no --dbus-proxy=no --dbus-control=no  --start-child="xterm"
2018-08-29 12:18:41,240 cannot access python uinput module:
2018-08-29 12:18:41,240  No module named uinput

X.Org X Server 1.19.3
Release Date: 2017-03-15
X Protocol Version 11, Revision 0
Build Operating System:  2.6.32-696.13.2.el6.x86_64 
Current Operating System: Linux i21a-s3.ufhpc 3.10.0-693.17.1.el7.x86_64 #1 SMP Sun Jan 14 10:36:03 EST 2018 x86_64
Kernel command line: BOOT_IMAGE=/vmlinuz-3.10.0-693.17.1.el7.x86_64 root=UUID=233df370-5eb2-481d-a767-a810c52d9c1d ro max_loop=32 crashkernel=auto console=ttyS0,115200n8 console=tty0 pcie_aspm=off elevator=noop rd_NO_DM transparent_hugepage=never
Build Date: 11 December 2017  04:29:14PM
Build ID: xorg-x11-server 1.19.3-11.el7_4.1 
Current version of pixman: 0.34.0
	Before reporting problems, check http://wiki.x.org
	to make sure that you have the latest version.
Markers: (--) probed, (**) from config file, (==) default setting,
	(++) from command line, (!!) notice, (II) informational,
	(WW) warning, (EE) error, (NI) not implemented, (??) unknown.
(++) Log file: "/scratch/local/24749217/adriandiaz/xpra/Xorg.:7127.log", Time: Wed Aug 29 12:18:41 2018
(++) Using config file: "/etc/xpra/xorg.conf"
(==) Using system config directory "/usr/share/X11/xorg.conf.d"
2018-08-29 12:18:44,820 created unix domain socket: /run/user/8825/xpra/i21a-s3.ufhpc-7127
2018-08-29 12:18:44,821 created unix domain socket: /home/adriandiaz/.xpra/i21a-s3.ufhpc-7127
2018-08-29 12:18:44,821 Warning: cannot create socket '/run/xpra/i21a-s3.ufhpc-7127'
2018-08-29 12:18:44,821  [Errno 13] Permission denied
2018-08-29 12:18:44,821  user 'adriandiaz' is a member of groups: no groups!
2018-08-29 12:18:44,822   missing 'xpra' group membership?
2018-08-29 12:18:44,822   permissions on directory /run/xpra: 0775
2018-08-29 12:18:44,822   ownership root:xpra
2018-08-29 12:18:45,079 pointer device emulation using XTest
2018-08-29 12:18:45,626 html server unavailable, cannot find websockify module
2018-08-29 12:18:45,677 Warning: webcam forwarding is disabled
2018-08-29 12:18:45,677  the virtual video directory '/sys/devices/virtual/video4linux' was not found
2018-08-29 12:18:45,678  make sure that the 'v4l2loopback' kernel module is installed and loaded
2018-08-29 12:18:45,678 found 0 virtual video devices for webcam forwarding
2018-08-29 12:18:45,682 pulseaudio not started: 'pulseaudio' command not found
2018-08-29 12:18:45,682 Error: failed to query sound subsystem:
2018-08-29 12:18:45,682  No module named sound.common
2018-08-29 12:18:45,683 D-Bus notification forwarding is available
2018-08-29 12:18:45,699 started command 'xterm' with pid 19683
2018-08-29 12:18:45,700 xpra X11 version 2.2.6-r18968 64-bit
2018-08-29 12:18:45,700  uid=8825 (adriandiaz), gid=8800 (ypchen)
2018-08-29 12:18:45,700  running with pid 19061 on Linux RedHatEnterpriseServer 7.4 Maipo
2018-08-29 12:18:45,700  connected to X11 display :7127 with 24 bit colors
2018-08-29 12:18:45,827 xpra is ready.
2018-08-29 12:18:45,831 printer forwarding enabled using postscript and pdf
2018-08-29 12:18:45,831 125.3GB of system memory
xterm: cannot load font "-Misc-Fixed-bold-R-*-*-13-120-75-75-C-60-ISO8859-1"
slurmstepd: error: *** JOB 24749217 ON i21a-s3 CANCELLED AT 2018-08-30T03:19:08 DUE TO TIME LIMIT ***
